<?xml version="1.0" encoding="UTF-8"?>
<testsuite name="testSuites.Prueba" tests="1" skipped="0" failures="0" errors="0" timestamp="2022-05-16T02:16:48" hostname="DESKTOP-COTDRJJ" time="3.919">
  <properties/>
  <testcase name="buscarPerroEnGoogle" classname="testSuites.Prueba" time="3.919"/>
  <system-out><![CDATA[]]></system-out>
  <system-err><![CDATA[]]></system-err>
</testsuite>
